 
****************************************
Report : cell
Design : MyDesign
Version: K-2015.06-SP1
Date   : Sun Nov 12 16:08:53 2017
****************************************

Attributes:
    b - black box (unknown)
    h - hierarchical
    n - noncombinational
    r - removable
    u - contains unmapped logic

Cell                      Reference       Library             Area  Attributes
--------------------------------------------------------------------------------
CONTROL                   controller                      948.290014
                                                                    h, n
FILTER1_Q1                mac_1                           1847.370009
                                                                    h, n
FILTER1_Q2                mac_3                           1823.430008
                                                                    h, n
FILTER1_Q3                mac_2                           1907.220010
                                                                    h, n
FILTER1_Q4                mac_0                           2068.947983
                                                                    h, n
U21                       NAND2_X2        NangateOpenCellLibrary_PDKv1_2_v2008_10_slow_nldm
                                                          0.798000  
U22                       AOI22_X1        NangateOpenCellLibrary_PDKv1_2_v2008_10_slow_nldm
                                                          1.330000  
U23                       AOI22_X1        NangateOpenCellLibrary_PDKv1_2_v2008_10_slow_nldm
                                                          1.330000  
U24                       NAND2_X2        NangateOpenCellLibrary_PDKv1_2_v2008_10_slow_nldm
                                                          0.798000  
U25                       AOI22_X1        NangateOpenCellLibrary_PDKv1_2_v2008_10_slow_nldm
                                                          1.330000  
U26                       AOI22_X1        NangateOpenCellLibrary_PDKv1_2_v2008_10_slow_nldm
                                                          1.330000  
U27                       NAND2_X2        NangateOpenCellLibrary_PDKv1_2_v2008_10_slow_nldm
                                                          0.798000  
U28                       AOI22_X1        NangateOpenCellLibrary_PDKv1_2_v2008_10_slow_nldm
                                                          1.330000  
U29                       AOI22_X1        NangateOpenCellLibrary_PDKv1_2_v2008_10_slow_nldm
                                                          1.330000  
U31                       AOI22_X1        NangateOpenCellLibrary_PDKv1_2_v2008_10_slow_nldm
                                                          1.330000  
U33                       NAND2_X2        NangateOpenCellLibrary_PDKv1_2_v2008_10_slow_nldm
                                                          0.798000  
U34                       AOI22_X1        NangateOpenCellLibrary_PDKv1_2_v2008_10_slow_nldm
                                                          1.330000  
U35                       AOI22_X1        NangateOpenCellLibrary_PDKv1_2_v2008_10_slow_nldm
                                                          1.330000  
U36                       NAND2_X2        NangateOpenCellLibrary_PDKv1_2_v2008_10_slow_nldm
                                                          0.798000  
U37                       AOI22_X1        NangateOpenCellLibrary_PDKv1_2_v2008_10_slow_nldm
                                                          1.330000  
U38                       AOI22_X1        NangateOpenCellLibrary_PDKv1_2_v2008_10_slow_nldm
                                                          1.330000  
U40                       AOI22_X1        NangateOpenCellLibrary_PDKv1_2_v2008_10_slow_nldm
                                                          1.330000  
U41                       AOI22_X4        NangateOpenCellLibrary_PDKv1_2_v2008_10_slow_nldm
                                                          2.394000  
U43                       AOI22_X1        NangateOpenCellLibrary_PDKv1_2_v2008_10_slow_nldm
                                                          1.330000  
U44                       AOI22_X1        NangateOpenCellLibrary_PDKv1_2_v2008_10_slow_nldm
                                                          1.330000  
U46                       AOI22_X1        NangateOpenCellLibrary_PDKv1_2_v2008_10_slow_nldm
                                                          1.330000  
U48                       NAND2_X2        NangateOpenCellLibrary_PDKv1_2_v2008_10_slow_nldm
                                                          0.798000  
U49                       AOI22_X1        NangateOpenCellLibrary_PDKv1_2_v2008_10_slow_nldm
                                                          1.330000  
U50                       AOI22_X1        NangateOpenCellLibrary_PDKv1_2_v2008_10_slow_nldm
                                                          1.330000  
U51                       NAND2_X2        NangateOpenCellLibrary_PDKv1_2_v2008_10_slow_nldm
                                                          0.798000  
U52                       AOI22_X1        NangateOpenCellLibrary_PDKv1_2_v2008_10_slow_nldm
                                                          1.330000  
U53                       AOI22_X1        NangateOpenCellLibrary_PDKv1_2_v2008_10_slow_nldm
                                                          1.330000  
U55                       AOI22_X1        NangateOpenCellLibrary_PDKv1_2_v2008_10_slow_nldm
                                                          1.330000  
U56                       AOI22_X1        NangateOpenCellLibrary_PDKv1_2_v2008_10_slow_nldm
                                                          1.330000  
U57                       NAND2_X2        NangateOpenCellLibrary_PDKv1_2_v2008_10_slow_nldm
                                                          0.798000  
U58                       AOI22_X1        NangateOpenCellLibrary_PDKv1_2_v2008_10_slow_nldm
                                                          1.330000  
U59                       AOI22_X1        NangateOpenCellLibrary_PDKv1_2_v2008_10_slow_nldm
                                                          1.330000  
U61                       AOI22_X1        NangateOpenCellLibrary_PDKv1_2_v2008_10_slow_nldm
                                                          1.330000  
U62                       AOI22_X4        NangateOpenCellLibrary_PDKv1_2_v2008_10_slow_nldm
                                                          2.394000  
U63                       NAND2_X2        NangateOpenCellLibrary_PDKv1_2_v2008_10_slow_nldm
                                                          0.798000  
U64                       AOI22_X1        NangateOpenCellLibrary_PDKv1_2_v2008_10_slow_nldm
                                                          1.330000  
U66                       NAND2_X1        NangateOpenCellLibrary_PDKv1_2_v2008_10_slow_nldm
                                                          0.798000  
U68                       NAND2_X1        NangateOpenCellLibrary_PDKv1_2_v2008_10_slow_nldm
                                                          0.798000  
U69                       AOI22_X1        NangateOpenCellLibrary_PDKv1_2_v2008_10_slow_nldm
                                                          1.330000  
U74                       NOR2_X2         NangateOpenCellLibrary_PDKv1_2_v2008_10_slow_nldm
                                                          0.798000  
U79                       INV_X1          NangateOpenCellLibrary_PDKv1_2_v2008_10_slow_nldm
                                                          0.532000  
U80                       AOI22_X1        NangateOpenCellLibrary_PDKv1_2_v2008_10_slow_nldm
                                                          1.330000  
U81                       AOI22_X1        NangateOpenCellLibrary_PDKv1_2_v2008_10_slow_nldm
                                                          1.330000  
U82                       INV_X1          NangateOpenCellLibrary_PDKv1_2_v2008_10_slow_nldm
                                                          0.532000  
U83                       INV_X8          NangateOpenCellLibrary_PDKv1_2_v2008_10_slow_nldm
                                                          0.798000  
U85                       NOR2_X2         NangateOpenCellLibrary_PDKv1_2_v2008_10_slow_nldm
                                                          0.798000  
U87                       NOR2_X2         NangateOpenCellLibrary_PDKv1_2_v2008_10_slow_nldm
                                                          0.798000  
U88                       AND2_X2         NangateOpenCellLibrary_PDKv1_2_v2008_10_slow_nldm
                                                          1.064000  
U92                       INV_X1          NangateOpenCellLibrary_PDKv1_2_v2008_10_slow_nldm
                                                          0.532000  
U93                       INV_X2          NangateOpenCellLibrary_PDKv1_2_v2008_10_slow_nldm
                                                          0.532000  
U94                       AND2_X2         NangateOpenCellLibrary_PDKv1_2_v2008_10_slow_nldm
                                                          1.064000  
U95                       NOR2_X2         NangateOpenCellLibrary_PDKv1_2_v2008_10_slow_nldm
                                                          0.798000  
U96                       NOR2_X2         NangateOpenCellLibrary_PDKv1_2_v2008_10_slow_nldm
                                                          0.798000  
U97                       AND2_X2         NangateOpenCellLibrary_PDKv1_2_v2008_10_slow_nldm
                                                          1.064000  
U98                       INV_X1          NangateOpenCellLibrary_PDKv1_2_v2008_10_slow_nldm
                                                          0.532000  
U99                       AND2_X2         NangateOpenCellLibrary_PDKv1_2_v2008_10_slow_nldm
                                                          1.064000  
U100                      NOR2_X2         NangateOpenCellLibrary_PDKv1_2_v2008_10_slow_nldm
                                                          0.798000  
U101                      NOR2_X2         NangateOpenCellLibrary_PDKv1_2_v2008_10_slow_nldm
                                                          0.798000  
U102                      AND2_X2         NangateOpenCellLibrary_PDKv1_2_v2008_10_slow_nldm
                                                          1.064000  
U103                      INV_X1          NangateOpenCellLibrary_PDKv1_2_v2008_10_slow_nldm
                                                          0.532000  
U104                      AND2_X2         NangateOpenCellLibrary_PDKv1_2_v2008_10_slow_nldm
                                                          1.064000  
U105                      INV_X1          NangateOpenCellLibrary_PDKv1_2_v2008_10_slow_nldm
                                                          0.532000  
U106                      NOR2_X2         NangateOpenCellLibrary_PDKv1_2_v2008_10_slow_nldm
                                                          0.798000  
U107                      OR2_X1          NangateOpenCellLibrary_PDKv1_2_v2008_10_slow_nldm
                                                          1.064000  
U108                      NOR2_X2         NangateOpenCellLibrary_PDKv1_2_v2008_10_slow_nldm
                                                          0.798000  
U109                      NOR2_X2         NangateOpenCellLibrary_PDKv1_2_v2008_10_slow_nldm
                                                          0.798000  
U110                      INV_X1          NangateOpenCellLibrary_PDKv1_2_v2008_10_slow_nldm
                                                          0.532000  
U111                      NOR2_X2         NangateOpenCellLibrary_PDKv1_2_v2008_10_slow_nldm
                                                          0.798000  
U112                      INV_X1          NangateOpenCellLibrary_PDKv1_2_v2008_10_slow_nldm
                                                          0.532000  
U113                      INV_X1          NangateOpenCellLibrary_PDKv1_2_v2008_10_slow_nldm
                                                          0.532000  
U114                      INV_X4          NangateOpenCellLibrary_PDKv1_2_v2008_10_slow_nldm
                                                          0.532000  
U115                      INV_X2          NangateOpenCellLibrary_PDKv1_2_v2008_10_slow_nldm
                                                          0.532000  
U116                      INV_X2          NangateOpenCellLibrary_PDKv1_2_v2008_10_slow_nldm
                                                          0.532000  
U117                      INV_X1          NangateOpenCellLibrary_PDKv1_2_v2008_10_slow_nldm
                                                          0.532000  
U118                      INV_X2          NangateOpenCellLibrary_PDKv1_2_v2008_10_slow_nldm
                                                          0.532000  
U119                      INV_X1          NangateOpenCellLibrary_PDKv1_2_v2008_10_slow_nldm
                                                          0.532000  
U120                      INV_X2          NangateOpenCellLibrary_PDKv1_2_v2008_10_slow_nldm
                                                          0.532000  
U121                      INV_X2          NangateOpenCellLibrary_PDKv1_2_v2008_10_slow_nldm
                                                          0.532000  
U122                      INV_X2          NangateOpenCellLibrary_PDKv1_2_v2008_10_slow_nldm
                                                          0.532000  
U123                      INV_X2          NangateOpenCellLibrary_PDKv1_2_v2008_10_slow_nldm
                                                          0.532000  
U124                      INV_X2          NangateOpenCellLibrary_PDKv1_2_v2008_10_slow_nldm
                                                          0.532000  
U125                      INV_X2          NangateOpenCellLibrary_PDKv1_2_v2008_10_slow_nldm
                                                          0.532000  
U126                      INV_X2          NangateOpenCellLibrary_PDKv1_2_v2008_10_slow_nldm
                                                          0.532000  
U127                      INV_X2          NangateOpenCellLibrary_PDKv1_2_v2008_10_slow_nldm
                                                          0.532000  
U128                      INV_X2          NangateOpenCellLibrary_PDKv1_2_v2008_10_slow_nldm
                                                          0.532000  
U129                      INV_X2          NangateOpenCellLibrary_PDKv1_2_v2008_10_slow_nldm
                                                          0.532000  
U130                      INV_X2          NangateOpenCellLibrary_PDKv1_2_v2008_10_slow_nldm
                                                          0.532000  
U131                      INV_X2          NangateOpenCellLibrary_PDKv1_2_v2008_10_slow_nldm
                                                          0.532000  
U132                      INV_X2          NangateOpenCellLibrary_PDKv1_2_v2008_10_slow_nldm
                                                          0.532000  
U133                      INV_X2          NangateOpenCellLibrary_PDKv1_2_v2008_10_slow_nldm
                                                          0.532000  
U134                      INV_X2          NangateOpenCellLibrary_PDKv1_2_v2008_10_slow_nldm
                                                          0.532000  
U135                      INV_X2          NangateOpenCellLibrary_PDKv1_2_v2008_10_slow_nldm
                                                          0.532000  
U136                      INV_X2          NangateOpenCellLibrary_PDKv1_2_v2008_10_slow_nldm
                                                          0.532000  
U137                      INV_X2          NangateOpenCellLibrary_PDKv1_2_v2008_10_slow_nldm
                                                          0.532000  
U138                      INV_X2          NangateOpenCellLibrary_PDKv1_2_v2008_10_slow_nldm
                                                          0.532000  
U139                      INV_X2          NangateOpenCellLibrary_PDKv1_2_v2008_10_slow_nldm
                                                          0.532000  
U140                      INV_X1          NangateOpenCellLibrary_PDKv1_2_v2008_10_slow_nldm
                                                          0.532000  
U142                      INV_X4          NangateOpenCellLibrary_PDKv1_2_v2008_10_slow_nldm
                                                          0.532000  
U143                      NAND3_X2        NangateOpenCellLibrary_PDKv1_2_v2008_10_slow_nldm
                                                          1.064000  
U144                      NOR2_X4         NangateOpenCellLibrary_PDKv1_2_v2008_10_slow_nldm
                                                          1.330000  
U145                      NAND2_X2        NangateOpenCellLibrary_PDKv1_2_v2008_10_slow_nldm
                                                          0.798000  
U146                      NOR2_X2         NangateOpenCellLibrary_PDKv1_2_v2008_10_slow_nldm
                                                          0.798000  
U147                      NAND2_X2        NangateOpenCellLibrary_PDKv1_2_v2008_10_slow_nldm
                                                          0.798000  
U148                      NAND2_X2        NangateOpenCellLibrary_PDKv1_2_v2008_10_slow_nldm
                                                          0.798000  
U149                      INV_X8          NangateOpenCellLibrary_PDKv1_2_v2008_10_slow_nldm
                                                          0.798000  
U150                      INV_X8          NangateOpenCellLibrary_PDKv1_2_v2008_10_slow_nldm
                                                          0.798000  
U151                      INV_X8          NangateOpenCellLibrary_PDKv1_2_v2008_10_slow_nldm
                                                          0.798000  
U152                      INV_X8          NangateOpenCellLibrary_PDKv1_2_v2008_10_slow_nldm
                                                          0.798000  
U153                      INV_X8          NangateOpenCellLibrary_PDKv1_2_v2008_10_slow_nldm
                                                          0.798000  
U154                      INV_X8          NangateOpenCellLibrary_PDKv1_2_v2008_10_slow_nldm
                                                          0.798000  
U155                      INV_X8          NangateOpenCellLibrary_PDKv1_2_v2008_10_slow_nldm
                                                          0.798000  
U156                      INV_X8          NangateOpenCellLibrary_PDKv1_2_v2008_10_slow_nldm
                                                          0.798000  
U157                      INV_X8          NangateOpenCellLibrary_PDKv1_2_v2008_10_slow_nldm
                                                          0.798000  
U158                      NOR2_X4         NangateOpenCellLibrary_PDKv1_2_v2008_10_slow_nldm
                                                          1.330000  
U159                      BUF_X4          NangateOpenCellLibrary_PDKv1_2_v2008_10_slow_nldm
                                                          0.798000  
U160                      NAND2_X4        NangateOpenCellLibrary_PDKv1_2_v2008_10_slow_nldm
                                                          1.330000  
U161                      INV_X4          NangateOpenCellLibrary_PDKv1_2_v2008_10_slow_nldm
                                                          0.532000  
U162                      NAND2_X2        NangateOpenCellLibrary_PDKv1_2_v2008_10_slow_nldm
                                                          0.798000  
U163                      INV_X4          NangateOpenCellLibrary_PDKv1_2_v2008_10_slow_nldm
                                                          0.532000  
U164                      NAND2_X2        NangateOpenCellLibrary_PDKv1_2_v2008_10_slow_nldm
                                                          0.798000  
U165                      INV_X4          NangateOpenCellLibrary_PDKv1_2_v2008_10_slow_nldm
                                                          0.532000  
U166                      NAND2_X2        NangateOpenCellLibrary_PDKv1_2_v2008_10_slow_nldm
                                                          0.798000  
U167                      INV_X4          NangateOpenCellLibrary_PDKv1_2_v2008_10_slow_nldm
                                                          0.532000  
U168                      NAND2_X2        NangateOpenCellLibrary_PDKv1_2_v2008_10_slow_nldm
                                                          0.798000  
U169                      INV_X4          NangateOpenCellLibrary_PDKv1_2_v2008_10_slow_nldm
                                                          0.532000  
U170                      NAND2_X2        NangateOpenCellLibrary_PDKv1_2_v2008_10_slow_nldm
                                                          0.798000  
U171                      INV_X4          NangateOpenCellLibrary_PDKv1_2_v2008_10_slow_nldm
                                                          0.532000  
U172                      NAND2_X2        NangateOpenCellLibrary_PDKv1_2_v2008_10_slow_nldm
                                                          0.798000  
U173                      NAND2_X1        NangateOpenCellLibrary_PDKv1_2_v2008_10_slow_nldm
                                                          0.798000  
U174                      NOR2_X4         NangateOpenCellLibrary_PDKv1_2_v2008_10_slow_nldm
                                                          1.330000  
U175                      NAND2_X2        NangateOpenCellLibrary_PDKv1_2_v2008_10_slow_nldm
                                                          0.798000  
U176                      INV_X1          NangateOpenCellLibrary_PDKv1_2_v2008_10_slow_nldm
                                                          0.532000  
U177                      INV_X1          NangateOpenCellLibrary_PDKv1_2_v2008_10_slow_nldm
                                                          0.532000  
U178                      INV_X4          NangateOpenCellLibrary_PDKv1_2_v2008_10_slow_nldm
                                                          0.532000  
U179                      INV_X4          NangateOpenCellLibrary_PDKv1_2_v2008_10_slow_nldm
                                                          0.532000  
U180                      INV_X8          NangateOpenCellLibrary_PDKv1_2_v2008_10_slow_nldm
                                                          0.798000  
U181                      INV_X8          NangateOpenCellLibrary_PDKv1_2_v2008_10_slow_nldm
                                                          0.798000  
U182                      INV_X8          NangateOpenCellLibrary_PDKv1_2_v2008_10_slow_nldm
                                                          0.798000  
U183                      INV_X4          NangateOpenCellLibrary_PDKv1_2_v2008_10_slow_nldm
                                                          0.532000  
U184                      INV_X4          NangateOpenCellLibrary_PDKv1_2_v2008_10_slow_nldm
                                                          0.532000  
U185                      INV_X8          NangateOpenCellLibrary_PDKv1_2_v2008_10_slow_nldm
                                                          0.798000  
U186                      INV_X4          NangateOpenCellLibrary_PDKv1_2_v2008_10_slow_nldm
                                                          0.532000  
U187                      INV_X4          NangateOpenCellLibrary_PDKv1_2_v2008_10_slow_nldm
                                                          0.532000  
U188                      INV_X4          NangateOpenCellLibrary_PDKv1_2_v2008_10_slow_nldm
                                                          0.532000  
U189                      INV_X4          NangateOpenCellLibrary_PDKv1_2_v2008_10_slow_nldm
                                                          0.532000  
U190                      INV_X8          NangateOpenCellLibrary_PDKv1_2_v2008_10_slow_nldm
                                                          0.798000  
U191                      INV_X4          NangateOpenCellLibrary_PDKv1_2_v2008_10_slow_nldm
                                                          0.532000  
U192                      INV_X4          NangateOpenCellLibrary_PDKv1_2_v2008_10_slow_nldm
                                                          0.532000  
U193                      INV_X8          NangateOpenCellLibrary_PDKv1_2_v2008_10_slow_nldm
                                                          0.798000  
clk_r_REG582_S3           DFFR_X1         NangateOpenCellLibrary_PDKv1_2_v2008_10_slow_nldm
                                                          5.586000  n
clk_r_REG602_S4           DFFR_X1         NangateOpenCellLibrary_PDKv1_2_v2008_10_slow_nldm
                                                          5.586000  n
clk_r_REG603_S4           DFFS_X1         NangateOpenCellLibrary_PDKv1_2_v2008_10_slow_nldm
                                                          5.852000  n
clk_r_REG704_S4           DFFS_X2         NangateOpenCellLibrary_PDKv1_2_v2008_10_slow_nldm
                                                          5.586000  n
clk_r_REG705_S4           DFFS_X2         NangateOpenCellLibrary_PDKv1_2_v2008_10_slow_nldm
                                                          5.586000  n
clk_r_REG708_S4           DFFS_X2         NangateOpenCellLibrary_PDKv1_2_v2008_10_slow_nldm
                                                          5.586000  n
clk_r_REG709_S4           DFFS_X2         NangateOpenCellLibrary_PDKv1_2_v2008_10_slow_nldm
                                                          5.586000  n
clk_r_REG712_S4           DFFS_X2         NangateOpenCellLibrary_PDKv1_2_v2008_10_slow_nldm
                                                          5.586000  n
clk_r_REG713_S4           DFFS_X2         NangateOpenCellLibrary_PDKv1_2_v2008_10_slow_nldm
                                                          5.586000  n
clk_r_REG716_S4           DFFS_X2         NangateOpenCellLibrary_PDKv1_2_v2008_10_slow_nldm
                                                          5.586000  n
clk_r_REG717_S4           DFFS_X2         NangateOpenCellLibrary_PDKv1_2_v2008_10_slow_nldm
                                                          5.586000  n
clk_r_REG720_S4           DFFS_X2         NangateOpenCellLibrary_PDKv1_2_v2008_10_slow_nldm
                                                          5.586000  n
clk_r_REG721_S4           DFFS_X2         NangateOpenCellLibrary_PDKv1_2_v2008_10_slow_nldm
                                                          5.586000  n
clk_r_REG724_S4           DFFS_X2         NangateOpenCellLibrary_PDKv1_2_v2008_10_slow_nldm
                                                          5.586000  n
clk_r_REG725_S4           DFFS_X2         NangateOpenCellLibrary_PDKv1_2_v2008_10_slow_nldm
                                                          5.586000  n
clk_r_REG728_S4           DFFS_X2         NangateOpenCellLibrary_PDKv1_2_v2008_10_slow_nldm
                                                          5.586000  n
clk_r_REG729_S4           DFFS_X2         NangateOpenCellLibrary_PDKv1_2_v2008_10_slow_nldm
                                                          5.586000  n
clk_r_REG732_S4           DFFS_X2         NangateOpenCellLibrary_PDKv1_2_v2008_10_slow_nldm
                                                          5.586000  n
clk_r_REG733_S4           DFFS_X2         NangateOpenCellLibrary_PDKv1_2_v2008_10_slow_nldm
                                                          5.586000  n
clk_r_REG938_S1           DFFR_X1         NangateOpenCellLibrary_PDKv1_2_v2008_10_slow_nldm
                                                          5.586000  n
clk_r_REG939_S2           DFF_X1          NangateOpenCellLibrary_PDKv1_2_v2008_10_slow_nldm
                                                          4.788000  n
clk_r_REG940_S3           DFF_X1          NangateOpenCellLibrary_PDKv1_2_v2008_10_slow_nldm
                                                          4.788000  n
clk_r_REG941_S1           DFFR_X1         NangateOpenCellLibrary_PDKv1_2_v2008_10_slow_nldm
                                                          5.586000  n
clk_r_REG942_S2           DFF_X1          NangateOpenCellLibrary_PDKv1_2_v2008_10_slow_nldm
                                                          4.788000  n
clk_r_REG943_S3           DFF_X1          NangateOpenCellLibrary_PDKv1_2_v2008_10_slow_nldm
                                                          4.788000  n
clk_r_REG944_S1           DFFR_X1         NangateOpenCellLibrary_PDKv1_2_v2008_10_slow_nldm
                                                          5.586000  n
clk_r_REG945_S2           DFF_X1          NangateOpenCellLibrary_PDKv1_2_v2008_10_slow_nldm
                                                          4.788000  n
clk_r_REG946_S3           DFF_X1          NangateOpenCellLibrary_PDKv1_2_v2008_10_slow_nldm
                                                          4.788000  n
clk_r_REG947_S1           DFFR_X1         NangateOpenCellLibrary_PDKv1_2_v2008_10_slow_nldm
                                                          5.586000  n
clk_r_REG948_S2           DFF_X1          NangateOpenCellLibrary_PDKv1_2_v2008_10_slow_nldm
                                                          4.788000  n
clk_r_REG949_S3           DFF_X1          NangateOpenCellLibrary_PDKv1_2_v2008_10_slow_nldm
                                                          4.788000  n
clk_r_REG950_S1           DFFR_X1         NangateOpenCellLibrary_PDKv1_2_v2008_10_slow_nldm
                                                          5.586000  n
clk_r_REG951_S2           DFF_X1          NangateOpenCellLibrary_PDKv1_2_v2008_10_slow_nldm
                                                          4.788000  n
clk_r_REG952_S3           DFF_X1          NangateOpenCellLibrary_PDKv1_2_v2008_10_slow_nldm
                                                          4.788000  n
clk_r_REG953_S1           DFFR_X1         NangateOpenCellLibrary_PDKv1_2_v2008_10_slow_nldm
                                                          5.586000  n
clk_r_REG954_S2           DFF_X1          NangateOpenCellLibrary_PDKv1_2_v2008_10_slow_nldm
                                                          4.788000  n
clk_r_REG955_S3           DFF_X1          NangateOpenCellLibrary_PDKv1_2_v2008_10_slow_nldm
                                                          4.788000  n
clk_r_REG956_S1           DFFR_X1         NangateOpenCellLibrary_PDKv1_2_v2008_10_slow_nldm
                                                          5.586000  n
clk_r_REG957_S2           DFF_X1          NangateOpenCellLibrary_PDKv1_2_v2008_10_slow_nldm
                                                          4.788000  n
clk_r_REG958_S3           DFF_X1          NangateOpenCellLibrary_PDKv1_2_v2008_10_slow_nldm
                                                          4.788000  n
clk_r_REG959_S1           DFFR_X1         NangateOpenCellLibrary_PDKv1_2_v2008_10_slow_nldm
                                                          5.586000  n
clk_r_REG960_S2           DFF_X1          NangateOpenCellLibrary_PDKv1_2_v2008_10_slow_nldm
                                                          4.788000  n
clk_r_REG961_S3           DFF_X1          NangateOpenCellLibrary_PDKv1_2_v2008_10_slow_nldm
                                                          4.788000  n
clk_r_REG962_S1           DFFR_X1         NangateOpenCellLibrary_PDKv1_2_v2008_10_slow_nldm
                                                          5.586000  n
clk_r_REG963_S2           DFF_X1          NangateOpenCellLibrary_PDKv1_2_v2008_10_slow_nldm
                                                          4.788000  n
clk_r_REG964_S3           DFF_X1          NangateOpenCellLibrary_PDKv1_2_v2008_10_slow_nldm
                                                          4.788000  n
clk_r_REG965_S1           DFFR_X1         NangateOpenCellLibrary_PDKv1_2_v2008_10_slow_nldm
                                                          5.586000  n
clk_r_REG966_S2           DFF_X1          NangateOpenCellLibrary_PDKv1_2_v2008_10_slow_nldm
                                                          4.788000  n
clk_r_REG967_S3           DFF_X1          NangateOpenCellLibrary_PDKv1_2_v2008_10_slow_nldm
                                                          4.788000  n
clk_r_REG968_S1           DFFR_X1         NangateOpenCellLibrary_PDKv1_2_v2008_10_slow_nldm
                                                          5.586000  n
clk_r_REG969_S2           DFF_X1          NangateOpenCellLibrary_PDKv1_2_v2008_10_slow_nldm
                                                          4.788000  n
clk_r_REG970_S3           DFF_X1          NangateOpenCellLibrary_PDKv1_2_v2008_10_slow_nldm
                                                          4.788000  n
clk_r_REG971_S1           DFFR_X1         NangateOpenCellLibrary_PDKv1_2_v2008_10_slow_nldm
                                                          5.586000  n
clk_r_REG972_S2           DFF_X1          NangateOpenCellLibrary_PDKv1_2_v2008_10_slow_nldm
                                                          4.788000  n
clk_r_REG973_S3           DFF_X1          NangateOpenCellLibrary_PDKv1_2_v2008_10_slow_nldm
                                                          4.788000  n
clk_r_REG974_S1           DFFR_X1         NangateOpenCellLibrary_PDKv1_2_v2008_10_slow_nldm
                                                          5.586000  n
clk_r_REG975_S2           DFF_X1          NangateOpenCellLibrary_PDKv1_2_v2008_10_slow_nldm
                                                          4.788000  n
clk_r_REG976_S3           DFF_X1          NangateOpenCellLibrary_PDKv1_2_v2008_10_slow_nldm
                                                          4.788000  n
clk_r_REG977_S1           DFFR_X1         NangateOpenCellLibrary_PDKv1_2_v2008_10_slow_nldm
                                                          5.586000  n
clk_r_REG978_S2           DFF_X1          NangateOpenCellLibrary_PDKv1_2_v2008_10_slow_nldm
                                                          4.788000  n
clk_r_REG979_S3           DFF_X1          NangateOpenCellLibrary_PDKv1_2_v2008_10_slow_nldm
                                                          4.788000  n
clk_r_REG980_S1           DFFR_X1         NangateOpenCellLibrary_PDKv1_2_v2008_10_slow_nldm
                                                          5.586000  n
clk_r_REG981_S2           DFF_X1          NangateOpenCellLibrary_PDKv1_2_v2008_10_slow_nldm
                                                          4.788000  n
clk_r_REG982_S3           DFF_X1          NangateOpenCellLibrary_PDKv1_2_v2008_10_slow_nldm
                                                          4.788000  n
clk_r_REG983_S1           DFFR_X1         NangateOpenCellLibrary_PDKv1_2_v2008_10_slow_nldm
                                                          5.586000  n
clk_r_REG984_S2           DFF_X1          NangateOpenCellLibrary_PDKv1_2_v2008_10_slow_nldm
                                                          4.788000  n
clk_r_REG985_S3           DFF_X1          NangateOpenCellLibrary_PDKv1_2_v2008_10_slow_nldm
                                                          4.788000  n
clk_r_REG986_S1           DFFR_X1         NangateOpenCellLibrary_PDKv1_2_v2008_10_slow_nldm
                                                          5.586000  n
clk_r_REG987_S2           DFF_X1          NangateOpenCellLibrary_PDKv1_2_v2008_10_slow_nldm
                                                          4.788000  n
clk_r_REG988_S3           DFF_X1          NangateOpenCellLibrary_PDKv1_2_v2008_10_slow_nldm
                                                          4.788000  n
clk_r_REG989_S1           DFFR_X1         NangateOpenCellLibrary_PDKv1_2_v2008_10_slow_nldm
                                                          5.586000  n
clk_r_REG990_S2           DFF_X1          NangateOpenCellLibrary_PDKv1_2_v2008_10_slow_nldm
                                                          4.788000  n
clk_r_REG991_S3           DFF_X1          NangateOpenCellLibrary_PDKv1_2_v2008_10_slow_nldm
                                                          4.788000  n
clk_r_REG992_S1           DFFR_X1         NangateOpenCellLibrary_PDKv1_2_v2008_10_slow_nldm
                                                          5.586000  n
clk_r_REG993_S2           DFF_X1          NangateOpenCellLibrary_PDKv1_2_v2008_10_slow_nldm
                                                          4.788000  n
clk_r_REG994_S3           DFF_X1          NangateOpenCellLibrary_PDKv1_2_v2008_10_slow_nldm
                                                          4.788000  n
clk_r_REG995_S1           DFFR_X1         NangateOpenCellLibrary_PDKv1_2_v2008_10_slow_nldm
                                                          5.586000  n
clk_r_REG996_S2           DFF_X1          NangateOpenCellLibrary_PDKv1_2_v2008_10_slow_nldm
                                                          4.788000  n
clk_r_REG997_S3           DFF_X1          NangateOpenCellLibrary_PDKv1_2_v2008_10_slow_nldm
                                                          4.788000  n
clk_r_REG998_S1           DFFR_X1         NangateOpenCellLibrary_PDKv1_2_v2008_10_slow_nldm
                                                          5.586000  n
clk_r_REG999_S2           DFF_X1          NangateOpenCellLibrary_PDKv1_2_v2008_10_slow_nldm
                                                          4.788000  n
clk_r_REG1000_S3          DFF_X1          NangateOpenCellLibrary_PDKv1_2_v2008_10_slow_nldm
                                                          4.788000  n
clk_r_REG1001_S1          DFFR_X1         NangateOpenCellLibrary_PDKv1_2_v2008_10_slow_nldm
                                                          5.586000  n
clk_r_REG1002_S2          DFF_X1          NangateOpenCellLibrary_PDKv1_2_v2008_10_slow_nldm
                                                          4.788000  n
clk_r_REG1003_S3          DFF_X1          NangateOpenCellLibrary_PDKv1_2_v2008_10_slow_nldm
                                                          4.788000  n
clk_r_REG1004_S1          DFFR_X1         NangateOpenCellLibrary_PDKv1_2_v2008_10_slow_nldm
                                                          5.586000  n
clk_r_REG1005_S2          DFF_X1          NangateOpenCellLibrary_PDKv1_2_v2008_10_slow_nldm
                                                          4.788000  n
clk_r_REG1006_S3          DFF_X1          NangateOpenCellLibrary_PDKv1_2_v2008_10_slow_nldm
                                                          4.788000  n
clk_r_REG1007_S1          DFFR_X1         NangateOpenCellLibrary_PDKv1_2_v2008_10_slow_nldm
                                                          5.586000  n
clk_r_REG1008_S2          DFF_X1          NangateOpenCellLibrary_PDKv1_2_v2008_10_slow_nldm
                                                          4.788000  n
clk_r_REG1009_S3          DFF_X1          NangateOpenCellLibrary_PDKv1_2_v2008_10_slow_nldm
                                                          4.788000  n
clk_r_REG1010_S1          DFFR_X1         NangateOpenCellLibrary_PDKv1_2_v2008_10_slow_nldm
                                                          5.586000  n
clk_r_REG1011_S2          DFF_X1          NangateOpenCellLibrary_PDKv1_2_v2008_10_slow_nldm
                                                          4.788000  n
clk_r_REG1012_S3          DFF_X1          NangateOpenCellLibrary_PDKv1_2_v2008_10_slow_nldm
                                                          4.788000  n
clk_r_REG1013_S1          DFFR_X1         NangateOpenCellLibrary_PDKv1_2_v2008_10_slow_nldm
                                                          5.586000  n
clk_r_REG1014_S2          DFF_X1          NangateOpenCellLibrary_PDKv1_2_v2008_10_slow_nldm
                                                          4.788000  n
clk_r_REG1015_S3          DFF_X1          NangateOpenCellLibrary_PDKv1_2_v2008_10_slow_nldm
                                                          4.788000  n
clk_r_REG1016_S1          DFFR_X1         NangateOpenCellLibrary_PDKv1_2_v2008_10_slow_nldm
                                                          5.586000  n
clk_r_REG1017_S2          DFF_X1          NangateOpenCellLibrary_PDKv1_2_v2008_10_slow_nldm
                                                          4.788000  n
clk_r_REG1018_S3          DFF_X1          NangateOpenCellLibrary_PDKv1_2_v2008_10_slow_nldm
                                                          4.788000  n
clk_r_REG1019_S1          DFFR_X1         NangateOpenCellLibrary_PDKv1_2_v2008_10_slow_nldm
                                                          5.586000  n
clk_r_REG1020_S2          DFF_X1          NangateOpenCellLibrary_PDKv1_2_v2008_10_slow_nldm
                                                          4.788000  n
clk_r_REG1021_S3          DFF_X1          NangateOpenCellLibrary_PDKv1_2_v2008_10_slow_nldm
                                                          4.788000  n
clk_r_REG1022_S1          DFFR_X1         NangateOpenCellLibrary_PDKv1_2_v2008_10_slow_nldm
                                                          5.586000  n
clk_r_REG1023_S2          DFF_X1          NangateOpenCellLibrary_PDKv1_2_v2008_10_slow_nldm
                                                          4.788000  n
clk_r_REG1024_S3          DFF_X1          NangateOpenCellLibrary_PDKv1_2_v2008_10_slow_nldm
                                                          4.788000  n
clk_r_REG1025_S1          DFFR_X1         NangateOpenCellLibrary_PDKv1_2_v2008_10_slow_nldm
                                                          5.586000  n
clk_r_REG1026_S2          DFF_X1          NangateOpenCellLibrary_PDKv1_2_v2008_10_slow_nldm
                                                          4.788000  n
clk_r_REG1027_S3          DFF_X1          NangateOpenCellLibrary_PDKv1_2_v2008_10_slow_nldm
                                                          4.788000  n
clk_r_REG1028_S1          DFFR_X1         NangateOpenCellLibrary_PDKv1_2_v2008_10_slow_nldm
                                                          5.586000  n
clk_r_REG1029_S2          DFF_X1          NangateOpenCellLibrary_PDKv1_2_v2008_10_slow_nldm
                                                          4.788000  n
clk_r_REG1030_S3          DFF_X1          NangateOpenCellLibrary_PDKv1_2_v2008_10_slow_nldm
                                                          4.788000  n
clk_r_REG1031_S1          DFFR_X1         NangateOpenCellLibrary_PDKv1_2_v2008_10_slow_nldm
                                                          5.586000  n
clk_r_REG1032_S2          DFF_X1          NangateOpenCellLibrary_PDKv1_2_v2008_10_slow_nldm
                                                          4.788000  n
clk_r_REG1033_S3          DFF_X1          NangateOpenCellLibrary_PDKv1_2_v2008_10_slow_nldm
                                                          4.788000  n
--------------------------------------------------------------------------------
Total 269 cells                                           9313.192030
1
